<?xml version="1.0" encoding="UTF-8"?>
<!-- Generated by org.testng.reporters.JUnitReportReporter -->
<testsuite hostname="Narasimha" failures="0" tests="1" name="tests.PetsTestNew" time="4.189" errors="0" timestamp="2023-12-31T13:03:53 EST" skipped="0">
  <testcase classname="tests.PetsTestNew" name="createPetsAndVerify" time="4.189"/>
  <system-out/>
</testsuite> <!-- tests.PetsTestNew -->
