<?xml version="1.0" encoding="UTF-8"?>
<!-- Generated by org.testng.reporters.JUnitReportReporter -->
<testsuite hostname="Narasimha" failures="0" tests="1" name="tests.PetsTestNew" time="2.403" errors="0" timestamp="2023-12-30T16:43:40 EST" skipped="0">
  <testcase classname="tests.PetsTestNew" name="createPetsAndVerify" time="2.403"/>
  <system-out/>
</testsuite> <!-- tests.PetsTestNew -->
